0 info it worked if it ends with ok
1 verbose cli [ '/usr/local/bin/node',
1 verbose cli   '/usr/local/bin/npm',
1 verbose cli   'uninstall',
1 verbose cli   'tape',
1 verbose cli   '--save' ]
2 info using npm@1.3.11
3 info using node@v0.10.21
4 info /Users/david_beck/Documents/git/path-mapper/node_modules/tape unbuild
5 info preuninstall tape@2.3.2
6 info uninstall tape@2.3.2
7 verbose true,/Users/david_beck/Documents/git/path-mapper/node_modules,/Users/david_beck/Documents/git/path-mapper/node_modules unbuild tape@2.3.2
8 verbose /Users/david_beck/Documents/git/path-mapper/node_modules/.bin,[object Object] binRoot
9 error Error: EACCES, unlink '/Users/david_beck/Documents/git/path-mapper/node_modules/.bin/tape'
9 error  { [Error: EACCES, unlink '/Users/david_beck/Documents/git/path-mapper/node_modules/.bin/tape']
9 error   errno: 3,
9 error   code: 'EACCES',
9 error   path: '/Users/david_beck/Documents/git/path-mapper/node_modules/.bin/tape' }
10 error Please try running this command again as root/Administrator.
11 error System Darwin 13.0.0
12 error command "/usr/local/bin/node" "/usr/local/bin/npm" "uninstall" "tape" "--save"
13 error cwd /Users/david_beck/Documents/git/path-mapper
14 error node -v v0.10.21
15 error npm -v 1.3.11
16 error path /Users/david_beck/Documents/git/path-mapper/node_modules/.bin/tape
17 error code EACCES
18 error errno 3
19 error stack Error: EACCES, unlink '/Users/david_beck/Documents/git/path-mapper/node_modules/.bin/tape'
20 verbose exit [ 3, true ]
